<?xml version="1.0" encoding="UTF-8"?>
<!-- Generated by org.testng.reporters.JUnitReportReporter -->
<testsuite skipped="0" hostname="DESKTOP-4LQORMC" name="com.wmata.suite.chrome.goToServiceTest" tests="1" failures="0" timestamp="2020-02-19T12:34:52 EST" time="24.282" errors="0">
  <testcase name="goToService" time="24.282" classname="com.wmata.suite.chrome.goToServiceTest"/>
</testsuite> <!-- com.wmata.suite.chrome.goToServiceTest -->
