<?xml version="1.0" encoding="UTF-8"?>
<!-- Generated by org.testng.reporters.JUnitReportReporter -->
<testsuite skipped="0" hostname="DESKTOP-4LQORMC" name="com.wmata.suite.ie.tripDirTest" tests="1" failures="0" timestamp="2020-02-19T12:34:52 EST" time="32.730" errors="0">
  <testcase name="executeTripSearch" time="32.730" classname="com.wmata.suite.ie.tripDirTest"/>
</testsuite> <!-- com.wmata.suite.ie.tripDirTest -->
